<?xml version="1.0" encoding="UTF-8"?>
<!-- Generated by org.testng.reporters.JUnitReportReporter -->
<testsuite hostname="LAPTOP-DOHQRCCL" failures="0" tests="2" name="basic.B001_NewTest" time="0.007" errors="0" timestamp="04 Aug 2023 00:57:42 GMT" skipped="1">
  <testcase classname="basic.B001_NewTest" name="test" time="0.007"/>
  <testcase classname="basic.B001_NewTest" name="alpha">
    <skipped/>
  </testcase> <!-- alpha -->
</testsuite> <!-- basic.B001_NewTest -->
