<?xml version="1.0" encoding="UTF-8"?>
<!-- Generated by org.testng.reporters.JUnitReportReporter -->
<testsuite hostname="LAPTOP-DOHQRCCL" failures="0" tests="3" name="group.Account" time="0.008" errors="0" timestamp="04 Aug 2023 01:20:40 GMT" skipped="0">
  <testcase classname="group.Account" name="currentAccount" time="0.005"/>
  <testcase classname="group.Account" name="loanAccount" time="0.001"/>
  <testcase classname="group.Account" name="savingAccount" time="0.002"/>
</testsuite> <!-- group.Account -->
