<?xml version="1.0" encoding="UTF-8"?>
<!-- Generated by org.testng.reporters.JUnitReportReporter -->
<testsuite hostname="LAPTOP-DOHQRCCL" failures="0" tests="3" name="group.Payment" time="0.002" errors="0" timestamp="04 Aug 2023 01:20:40 GMT" skipped="0">
  <testcase classname="group.Payment" name="cod" time="0.001"/>
  <testcase classname="group.Payment" name="debetCardTest" time="0.001"/>
  <testcase classname="group.Payment" name="creditCardTest" time="0.000"/>
</testsuite> <!-- group.Payment -->
